<?xml version="1.0" encoding="UTF-8"?>
<!-- Generated by org.testng.reporters.JUnitReportReporter -->
<testsuite hostname="Hemant-PC" name="testCases.VerifyLoginPage" tests="1" failures="0" timestamp="19 Dec 2017 10:28:42 GMT" time="13.389" errors="0">
  <testcase name="testHomePage" time="13.389" classname="testCases.VerifyLoginPage"/>
</testsuite> <!-- testCases.VerifyLoginPage -->
