<?xml version="1.0" encoding="UTF-8"?>
<!-- Generated by org.testng.reporters.JUnitReportReporter -->
<testsuite hostname="Hemant-PC" name="SeleniumGrid.TestGrid" tests="1" failures="0" timestamp="19 Dec 2017 10:03:58 GMT" time="10.112" errors="0">
  <testcase name="test1" time="10.112" classname="SeleniumGrid.TestGrid"/>
</testsuite> <!-- SeleniumGrid.TestGrid -->
