<?xml version="1.0" encoding="UTF-8"?>
<!-- Generated by org.testng.reporters.JUnitReportReporter -->
<testsuite hostname="Hemant-PC" name="testCases.VerifyLoginPageWithReport" tests="1" failures="0" timestamp="19 Dec 2017 10:40:21 GMT" time="13.057" errors="0">
  <testcase name="testHomePage" time="13.057" classname="testCases.VerifyLoginPageWithReport"/>
</testsuite> <!-- testCases.VerifyLoginPageWithReport -->
